<?xml version="1.0" encoding="UTF-8"?>
<testsuite xmlns:xsi="http://www.w3.org/2001/XMLSchema-instance" xsi:noNamespaceSchemaLocation="https://maven.apache.org/surefire/maven-surefire-plugin/xsd/surefire-test-report-3.0.xsd" version="3.0" name="com.inventory.InventoryMangementApplicationTests" time="8.232" tests="1" errors="0" skipped="0" failures="0">
  <properties>
[...]
</properties>
  <testcase name="contextLoads" classname="com.inventory.InventoryMangementApplicationTests" time="0.697">
    <system-out><![CDATA[13:01:11.657 [main] INFO org.springframework.test.context.support.AnnotationConfigContextLoaderUtils -- Could not detect default configuration classes for test class [com.inventory.InventoryMangementApplicationTests]: InventoryMangementApplicationTests does not declare any static, non-private, non-final, nested classes annotated with @Configuration.
13:01:11.743 [main] INFO org.springframework.boot.test.context.SpringBootTestContextBootstrapper -- Found @SpringBootConfiguration com.inventory.InventoryMangementApplication for test class com.inventory.InventoryMangementApplicationTests

  .   ____          _            __ _ _
 /\\ / ___'_ __ _ _(_)_ __  __ _ \ \ \ \
( ( )\___ | '_ | '_| | '_ \/ _` | \ \ \ \
 \\/  ___)| |_)| | | | | || (_| |  ) ) ) )
  '  |____| .__|_| |_|_| |_\__, | / / / /
 =========|_|==============|___/=/_/_/_/
 :: Spring Boot ::                (v3.1.2)

2024-05-28T13:01:12.179+05:30  INFO 12764 --- [           main] c.i.InventoryMangementApplicationTests   : Starting InventoryMangementApplicationTests using Java 17.0.8 with PID 12764 (started by monikakumari1 in C:\Users\monikakumari1\Downloads\Inventory- backend\sim-B\Inventory-mangement)
2024-05-28T13:01:12.181+05:30  INFO 12764 --- [           main] c.i.InventoryMangementApplicationTests   : No active profile set, falling back to 1 default profile: "default"
2024-05-28T13:01:12.975+05:30  INFO 12764 --- [           main] .s.d.r.c.RepositoryConfigurationDelegate : Bootstrapping Spring Data JPA repositories in DEFAULT mode.
2024-05-28T13:01:13.127+05:30  INFO 12764 --- [           main] .s.d.r.c.RepositoryConfigurationDelegate : Finished Spring Data repository scanning in 140 ms. Found 27 JPA repository interfaces.
2024-05-28T13:01:13.844+05:30  INFO 12764 --- [           main] o.hibernate.jpa.internal.util.LogHelper  : HHH000204: Processing PersistenceUnitInfo [name: default]
2024-05-28T13:01:13.933+05:30  INFO 12764 --- [           main] org.hibernate.Version                    : HHH000412: Hibernate ORM core version 6.2.6.Final
2024-05-28T13:01:13.936+05:30  INFO 12764 --- [           main] org.hibernate.cfg.Environment            : HHH000406: Using bytecode reflection optimizer
2024-05-28T13:01:14.160+05:30  INFO 12764 --- [           main] o.h.b.i.BytecodeProviderInitiator        : HHH000021: Bytecode provider name : bytebuddy
2024-05-28T13:01:14.336+05:30  INFO 12764 --- [           main] o.s.o.j.p.SpringPersistenceUnitInfo      : No LoadTimeWeaver setup: ignoring JPA class transformer
2024-05-28T13:01:14.350+05:30  INFO 12764 --- [           main] com.zaxxer.hikari.HikariDataSource       : HikariPool-1 - Starting...
2024-05-28T13:01:14.703+05:30  INFO 12764 --- [           main] com.zaxxer.hikari.pool.HikariPool        : HikariPool-1 - Added connection com.mysql.cj.jdbc.ConnectionImpl@1488a861
2024-05-28T13:01:14.706+05:30  INFO 12764 --- [           main] com.zaxxer.hikari.HikariDataSource       : HikariPool-1 - Start completed.
2024-05-28T13:01:14.946+05:30  WARN 12764 --- [           main] o.h.b.i.InFlightMetadataCollectorImpl    : HHH000069: Duplicate generator name my_sequence
2024-05-28T13:01:14.966+05:30  WARN 12764 --- [           main] o.h.b.i.InFlightMetadataCollectorImpl    : HHH000069: Duplicate generator name my_sequence
2024-05-28T13:01:15.113+05:30  INFO 12764 --- [           main] o.h.b.i.BytecodeProviderInitiator        : HHH000021: Bytecode provider name : bytebuddy
2024-05-28T13:01:16.119+05:30  INFO 12764 --- [           main] o.h.e.t.j.p.i.JtaPlatformInitiator       : HHH000490: Using JtaPlatform implementation: [org.hibernate.engine.transaction.jta.platform.internal.NoJtaPlatform]
2024-05-28T13:01:16.346+05:30  INFO 12764 --- [           main] j.LocalContainerEntityManagerFactoryBean : Initialized JPA EntityManagerFactory for persistence unit 'default'
2024-05-28T13:01:17.071+05:30  INFO 12764 --- [           main] o.s.d.j.r.query.QueryEnhancerFactory     : Hibernate is in classpath; If applicable, HQL parser will be used.
2024-05-28T13:01:18.029+05:30  WARN 12764 --- [           main] JpaBaseConfiguration$JpaWebConfiguration : spring.jpa.open-in-view is enabled by default. Therefore, database queries may be performed during view rendering. Explicitly configure spring.jpa.open-in-view to disable this warning
2024-05-28T13:01:18.196+05:30  INFO 12764 --- [           main] o.s.s.web.DefaultSecurityFilterChain     : Will secure any request with [org.springframework.security.web.session.DisableEncodeUrlFilter@7d0bbc49, org.springframework.security.web.context.request.async.WebAsyncManagerIntegrationFilter@7eb370c5, org.springframework.security.web.context.SecurityContextHolderFilter@111ae918, org.springframework.security.web.header.HeaderWriterFilter@7e9b68c5, org.springframework.security.web.authentication.logout.LogoutFilter@1006d0e3, com.inventory.security.JwtAuthenticationFilter@c8e99, org.springframework.security.web.authentication.www.BasicAuthenticationFilter@6d3dc0c5, org.springframework.security.web.savedrequest.RequestCacheAwareFilter@5f386009, org.springframework.security.web.servletapi.SecurityContextHolderAwareRequestFilter@5112858c, org.springframework.security.web.authentication.AnonymousAuthenticationFilter@26c24e5, org.springframework.security.web.session.SessionManagementFilter@18f919ce, org.springframework.security.web.access.ExceptionTranslationFilter@72e9c0a0, org.springframework.security.web.access.intercept.AuthorizationFilter@109941fa]
2024-05-28T13:01:19.032+05:30  INFO 12764 --- [           main] c.i.InventoryMangementApplicationTests   : Started InventoryMangementApplicationTests in 7.146 seconds (process running for 7.917)
]]></system-out>
  </testcase>
</testsuite>